<?xml version="1.0" encoding="UTF-8"?>
<testng-results ignored="0" total="1" passed="1" failed="0" skipped="0">
  <reporter-output>
  </reporter-output>
  <suite started-at="2022-11-05T20:08:13 EDT" name="Default suite" finished-at="2022-11-05T20:08:17 EDT" duration-ms="4189">
    <groups>
    </groups>
    <test started-at="2022-11-05T20:08:13 EDT" name="Default test" finished-at="2022-11-05T20:08:17 EDT" duration-ms="4189">
      <class name="seleniumlearning.third">
        <test-method is-config="true" signature="setup()[pri:0, instance:seleniumlearning.third@96def03]" started-at="2022-11-05T20:08:13 EDT" name="setup" finished-at="2022-11-05T20:08:17 EDT" duration-ms="3896" status="PASS">
          <reporter-output>
          </reporter-output>
        </test-method> <!-- setup -->
        <test-method signature="third1()[pri:0, instance:seleniumlearning.third@96def03]" started-at="2022-11-05T20:08:17 EDT" name="third1" finished-at="2022-11-05T20:08:17 EDT" duration-ms="31" status="PASS">
          <reporter-output>
          </reporter-output>
        </test-method> <!-- third1 -->
        <test-method is-config="true" signature="setdown3()[pri:0, instance:seleniumlearning.third@96def03]" started-at="2022-11-05T20:08:17 EDT" name="setdown3" finished-at="2022-11-05T20:08:17 EDT" duration-ms="204" status="PASS">
          <reporter-output>
          </reporter-output>
        </test-method> <!-- setdown3 -->
      </class> <!-- seleniumlearning.third -->
    </test> <!-- Default test -->
  </suite> <!-- Default suite -->
</testng-results>
