<?xml version="1.0" encoding="UTF-8"?>
<!-- Generated by org.testng.reporters.JUnitXMLReporter -->
<testsuite ignored="6" hostname="DESKTOP-0M88CL7" failures="0" tests="3" name="Test" time="8.958" errors="0" timestamp="2022-10-20T07:45:18 EDT">
  <testcase classname="demo.testclass2" name="animal" time="0.028"/>
  <testcase classname="demo.testclass3" name="mobile" time="0.025"/>
  <testcase classname="demo.testclass1" name="mobil" time="0.006"/>
  <testcase classname="demo.testclass1" name="animal" time="0.0">
    <ignored/>
  </testcase> <!-- animal -->
  <testcase classname="demo.testclass2" name="mango" time="0.0">
    <ignored/>
  </testcase> <!-- mango -->
  <testcase classname="demo.testclass3" name="cherry" time="0.0">
    <ignored/>
  </testcase> <!-- cherry -->
  <testcase classname="demo.testclass3" name="animal" time="0.0">
    <ignored/>
  </testcase> <!-- animal -->
  <testcase classname="demo.testclass2" name="mobil" time="0.0">
    <ignored/>
  </testcase> <!-- mobil -->
  <testcase classname="demo.testclass1" name="apple" time="0.0">
    <ignored/>
  </testcase> <!-- apple -->
</testsuite> <!-- Test -->
